*** Starting uWSGI 2.0.18 (64bit) on [Fri Dec  6 16:36:52 2019] ***
compiled with version: 7.3.0 on 22 July 2019 16:51:47
os: Linux-4.15.0-70-generic #79~16.04.1-Ubuntu SMP Tue Nov 12 14:01:10 UTC 2019
nodename: augs
machine: x86_64
clock source: unix
pcre jit disabled
detected number of CPU cores: 1
current working directory: /home/tlxy/下载/Pycharm/PycharmDemo/天天生鲜/tiantiandemo
writing pidfile to uwsgi.pid
detected binary path: /var/sw/anaconda3/envs/env_django/bin/uwsgi
chdir() to /home/tlxy/下载/Pycharm/PycharmDemo/天天生鲜/tiantiandemo
your processes number limit is 11767
your memory page size is 4096 bytes
detected max file descriptor number: 1024
lock engine: pthread robust mutexes
thunder lock: disabled (you can enable it with --thunder-lock)
uWSGI http bound on 127.0.0.1:8000 fd 4
uwsgi socket 0 bound to TCP address 127.0.0.1:44303 (port auto-assigned) fd 3
Python version: 3.6.7 | packaged by conda-forge | (default, Jul  2 2019, 02:18:42)  [GCC 7.3.0]
Set PythonHome to /var/sw/anaconda3/envs/env_django
Python main interpreter initialized at 0x558eabd4cc30
python threads support enabled
your server socket listen backlog is limited to 100 connections
your mercy for graceful operations on workers is 60 seconds
mapped 416880 bytes (407 KB) for 8 cores
*** Operational MODE: preforking+threaded ***
WSGI app 0 (mountpoint='') ready in 4 seconds on interpreter 0x558eabd4cc30 pid: 26571 (default app)
*** uWSGI is running in multiple interpreter mode ***
spawned uWSGI master process (pid: 26571)
spawned uWSGI worker 1 (pid: 26573, cores: 2)
spawned uWSGI worker 2 (pid: 26574, cores: 2)
spawned uWSGI worker 3 (pid: 26575, cores: 2)
spawned uWSGI worker 4 (pid: 26576, cores: 2)
spawned uWSGI http 1 (pid: 26577)
[pid: 26576|app: 0|req: 1/1] 127.0.0.1 () {40 vars in 791 bytes} [Fri Dec  6 08:37:02 2019] GET /user/login/ => generated 3085 bytes in 471 msecs (HTTP/1.1 200) 5 headers in 292 bytes (1 switches on core 0)
[pid: 26576|app: 0|req: 2/2] 127.0.0.1 () {38 vars in 725 bytes} [Fri Dec  6 08:37:03 2019] GET /static/css/reset.css => generated 77 bytes in 43 msecs (HTTP/1.1 404) 3 headers in 100 bytes (1 switches on core 1)
[pid: 26575|app: 0|req: 1/3] 127.0.0.1 () {38 vars in 730 bytes} [Fri Dec  6 08:37:03 2019] GET /static/js/jquery-1.12.4.min.js => generated 77 bytes in 106 msecs (HTTP/1.1 404) 3 headers in 100 bytes (1 switches on core 0)
[pid: 26573|app: 0|req: 2/4] 127.0.0.1 () {38 vars in 754 bytes} [Fri Dec  6 08:37:03 2019] GET /static/images/logo02.png => generated 77 bytes in 5 msecs (HTTP/1.1 404) 3 headers in 100 bytes (1 switches on core 1)
[pid: 26573|app: 0|req: 2/5] 127.0.0.1 () {38 vars in 723 bytes} [Fri Dec  6 08:37:03 2019] GET /static/css/main.css => generated 77 bytes in 122 msecs (HTTP/1.1 404) 3 headers in 100 bytes (1 switches on core 0)
[pid: 26573|app: 0|req: 3/6] 127.0.0.1 () {38 vars in 728 bytes} [Fri Dec  6 08:37:04 2019] GET /favicon.ico => generated 77 bytes in 1 msecs (HTTP/1.1 404) 3 headers in 100 bytes (1 switches on core 1)
SIGINT/SIGQUIT received...killing workers...
gateway "uWSGI http 1" has been buried (pid: 26577)
worker 1 buried after 1 seconds
worker 2 buried after 1 seconds
worker 3 buried after 1 seconds
worker 4 buried after 1 seconds
goodbye to uWSGI.
*** Starting uWSGI 2.0.18 (64bit) on [Sat Dec  7 21:28:57 2019] ***
compiled with version: 7.3.0 on 22 July 2019 16:51:47
os: Linux-4.15.0-72-generic #81~16.04.1-Ubuntu SMP Tue Nov 26 16:34:21 UTC 2019
nodename: augs
machine: x86_64
clock source: unix
pcre jit disabled
detected number of CPU cores: 1
current working directory: /home/tlxy/下载/Pycharm/PycharmDemo/天天生鲜/tiantiandemo
writing pidfile to uwsgi.pid
detected binary path: /var/sw/anaconda3/envs/env_django/bin/uwsgi
chdir() to /home/tlxy/下载/Pycharm/PycharmDemo/天天生鲜/tiantiandemo
your processes number limit is 11767
your memory page size is 4096 bytes
detected max file descriptor number: 1024
lock engine: pthread robust mutexes
thunder lock: disabled (you can enable it with --thunder-lock)
uwsgi socket 0 bound to TCP address 127.0.0.1:8000 fd 3
Python version: 3.6.7 | packaged by conda-forge | (default, Jul  2 2019, 02:18:42)  [GCC 7.3.0]
Set PythonHome to /var/sw/anaconda3/envs/env_django
Python main interpreter initialized at 0x55e7c704bb50
python threads support enabled
your server socket listen backlog is limited to 100 connections
your mercy for graceful operations on workers is 60 seconds
mapped 416880 bytes (407 KB) for 8 cores
*** Operational MODE: preforking+threaded ***
WSGI app 0 (mountpoint='') ready in 3 seconds on interpreter 0x55e7c704bb50 pid: 13511 (default app)
*** uWSGI is running in multiple interpreter mode ***
spawned uWSGI master process (pid: 13511)
spawned uWSGI worker 1 (pid: 13513, cores: 2)
spawned uWSGI worker 2 (pid: 13514, cores: 2)
spawned uWSGI worker 3 (pid: 13515, cores: 2)
spawned uWSGI worker 4 (pid: 13516, cores: 2)
invalid request block size: 21573 (max 4096)...skip
invalid request block size: 21573 (max 4096)...skip
invalid request block size: 21573 (max 4096)...skip
invalid request block size: 21573 (max 4096)...skip
invalid request block size: 21573 (max 4096)...skip
invalid request block size: 21573 (max 4096)...skip
invalid request block size: 21573 (max 4096)...skip
invalid request block size: 21573 (max 4096)...skip
invalid request block size: 21573 (max 4096)...skip
invalid request block size: 21573 (max 4096)...skip
invalid request block size: 21573 (max 4096)...skip
invalid request block size: 21573 (max 4096)...skip
invalid request block size: 21573 (max 4096)...skip
invalid request block size: 21573 (max 4096)...skip
invalid request block size: 21573 (max 4096)...skip
invalid request block size: 21573 (max 4096)...skip
invalid request block size: 21573 (max 4096)...skip
SIGINT/SIGQUIT received...killing workers...
worker 1 buried after 1 seconds
worker 2 buried after 1 seconds
worker 3 buried after 1 seconds
worker 4 buried after 1 seconds
goodbye to uWSGI.
*** Starting uWSGI 2.0.18 (64bit) on [Sat Dec  7 21:35:39 2019] ***
compiled with version: 7.3.0 on 22 July 2019 16:51:47
os: Linux-4.15.0-72-generic #81~16.04.1-Ubuntu SMP Tue Nov 26 16:34:21 UTC 2019
nodename: augs
machine: x86_64
clock source: unix
pcre jit disabled
detected number of CPU cores: 1
current working directory: /home/tlxy/下载/Pycharm/PycharmDemo/天天生鲜/tiantiandemo
writing pidfile to uwsgi.pid
detected binary path: /var/sw/anaconda3/envs/env_django/bin/uwsgi
chdir() to /home/tlxy/下载/Pycharm/PycharmDemo/天天生鲜/tiantiandemo
your processes number limit is 11767
your memory page size is 4096 bytes
detected max file descriptor number: 1024
lock engine: pthread robust mutexes
thunder lock: disabled (you can enable it with --thunder-lock)
uwsgi socket 0 bound to TCP address 127.0.0.1:8000 fd 3
Python version: 3.6.7 | packaged by conda-forge | (default, Jul  2 2019, 02:18:42)  [GCC 7.3.0]
Set PythonHome to /var/sw/anaconda3/envs/env_django
Python main interpreter initialized at 0x562eec9a4b50
python threads support enabled
your server socket listen backlog is limited to 100 connections
your mercy for graceful operations on workers is 60 seconds
mapped 416880 bytes (407 KB) for 8 cores
*** Operational MODE: preforking+threaded ***
WSGI app 0 (mountpoint='') ready in 1 seconds on interpreter 0x562eec9a4b50 pid: 13694 (default app)
*** uWSGI is running in multiple interpreter mode ***
spawned uWSGI master process (pid: 13694)
spawned uWSGI worker 1 (pid: 13696, cores: 2)
spawned uWSGI worker 2 (pid: 13697, cores: 2)
spawned uWSGI worker 3 (pid: 13698, cores: 2)
spawned uWSGI worker 4 (pid: 13699, cores: 2)
invalid request block size: 21573 (max 4096)...skip
invalid request block size: 21573 (max 4096)...skip
invalid request block size: 21573 (max 4096)...skip
invalid request block size: 21573 (max 4096)...skip
invalid request block size: 21573 (max 4096)...skip
invalid request block size: 21573 (max 4096)...skip
invalid request block size: 21573 (max 4096)...skip
invalid request block size: 21573 (max 4096)...skip
invalid request block size: 21573 (max 4096)...skip
invalid request block size: 21573 (max 4096)...skip
invalid request block size: 21573 (max 4096)...skip
invalid request block size: 21573 (max 4096)...skip
invalid request block size: 21573 (max 4096)...skip
invalid request block size: 21573 (max 4096)...skip
invalid request block size: 21573 (max 4096)...skip
invalid request block size: 21573 (max 4096)...skip
SIGINT/SIGQUIT received...killing workers...
worker 1 buried after 1 seconds
worker 2 buried after 1 seconds
worker 3 buried after 1 seconds
worker 4 buried after 1 seconds
goodbye to uWSGI.
*** Starting uWSGI 2.0.18 (64bit) on [Sat Dec  7 21:39:28 2019] ***
compiled with version: 7.3.0 on 22 July 2019 16:51:47
os: Linux-4.15.0-72-generic #81~16.04.1-Ubuntu SMP Tue Nov 26 16:34:21 UTC 2019
nodename: augs
machine: x86_64
clock source: unix
pcre jit disabled
detected number of CPU cores: 1
current working directory: /home/tlxy/下载/Pycharm/PycharmDemo/天天生鲜/tiantiandemo
writing pidfile to uwsgi.pid
detected binary path: /var/sw/anaconda3/envs/env_django/bin/uwsgi
chdir() to /home/tlxy/下载/Pycharm/PycharmDemo/天天生鲜/tiantiandemo
your processes number limit is 11767
your memory page size is 4096 bytes
detected max file descriptor number: 1024
lock engine: pthread robust mutexes
thunder lock: disabled (you can enable it with --thunder-lock)
uwsgi socket 0 bound to TCP address 127.0.0.1:8000 fd 3
Python version: 3.6.7 | packaged by conda-forge | (default, Jul  2 2019, 02:18:42)  [GCC 7.3.0]
Set PythonHome to /var/sw/anaconda3/envs/env_django
Python main interpreter initialized at 0x55a1f1d13b50
python threads support enabled
your server socket listen backlog is limited to 100 connections
your mercy for graceful operations on workers is 60 seconds
mapped 416880 bytes (407 KB) for 8 cores
*** Operational MODE: preforking+threaded ***
WSGI app 0 (mountpoint='') ready in 1 seconds on interpreter 0x55a1f1d13b50 pid: 13779 (default app)
*** uWSGI is running in multiple interpreter mode ***
spawned uWSGI master process (pid: 13779)
spawned uWSGI worker 1 (pid: 13781, cores: 2)
spawned uWSGI worker 2 (pid: 13782, cores: 2)
spawned uWSGI worker 3 (pid: 13783, cores: 2)
spawned uWSGI worker 4 (pid: 13784, cores: 2)
invalid request block size: 21573 (max 4096)...skip
invalid request block size: 21573 (max 4096)...skip
invalid request block size: 21573 (max 4096)...skip
SIGINT/SIGQUIT received...killing workers...
worker 1 buried after 1 seconds
worker 2 buried after 1 seconds
worker 3 buried after 1 seconds
worker 4 buried after 1 seconds
goodbye to uWSGI.
*** Starting uWSGI 2.0.18 (64bit) on [Sat Dec  7 21:41:58 2019] ***
compiled with version: 7.3.0 on 22 July 2019 16:51:47
os: Linux-4.15.0-72-generic #81~16.04.1-Ubuntu SMP Tue Nov 26 16:34:21 UTC 2019
nodename: augs
machine: x86_64
clock source: unix
pcre jit disabled
detected number of CPU cores: 1
current working directory: /home/tlxy/下载/Pycharm/PycharmDemo/天天生鲜/tiantiandemo
writing pidfile to uwsgi.pid
detected binary path: /var/sw/anaconda3/envs/env_django/bin/uwsgi
chdir() to /home/tlxy/下载/Pycharm/PycharmDemo/天天生鲜/tiantiandemo
your processes number limit is 11767
your memory page size is 4096 bytes
detected max file descriptor number: 1024
lock engine: pthread robust mutexes
thunder lock: disabled (you can enable it with --thunder-lock)
uwsgi socket 0 bound to TCP address 127.0.0.1:8000 fd 3
Python version: 3.6.7 | packaged by conda-forge | (default, Jul  2 2019, 02:18:42)  [GCC 7.3.0]
Set PythonHome to /var/sw/anaconda3/envs/env_django
Python main interpreter initialized at 0x5609ff869b50
python threads support enabled
your server socket listen backlog is limited to 100 connections
your mercy for graceful operations on workers is 60 seconds
mapped 416880 bytes (407 KB) for 8 cores
*** Operational MODE: preforking+threaded ***
WSGI app 0 (mountpoint='') ready in 0 seconds on interpreter 0x5609ff869b50 pid: 13817 (default app)
*** uWSGI is running in multiple interpreter mode ***
spawned uWSGI master process (pid: 13817)
spawned uWSGI worker 1 (pid: 13819, cores: 2)
spawned uWSGI worker 2 (pid: 13820, cores: 2)
spawned uWSGI worker 3 (pid: 13821, cores: 2)
spawned uWSGI worker 4 (pid: 13822, cores: 2)
invalid request block size: 21573 (max 4096)...skip
invalid request block size: 21573 (max 4096)...skip
invalid request block size: 21573 (max 4096)...skip
invalid request block size: 21573 (max 4096)...skip
invalid request block size: 21573 (max 4096)...skip
invalid request block size: 21573 (max 4096)...skip
SIGINT/SIGQUIT received...killing workers...
worker 1 buried after 1 seconds
worker 2 buried after 1 seconds
worker 3 buried after 1 seconds
worker 4 buried after 1 seconds
goodbye to uWSGI.
*** Starting uWSGI 2.0.18 (64bit) on [Sun Dec  8 13:41:03 2019] ***
compiled with version: 7.3.0 on 22 July 2019 16:51:47
os: Linux-4.15.0-72-generic #81~16.04.1-Ubuntu SMP Tue Nov 26 16:34:21 UTC 2019
nodename: augs
machine: x86_64
clock source: unix
pcre jit disabled
detected number of CPU cores: 1
current working directory: /home/tlxy/下载/Pycharm/PycharmDemo/天天生鲜/tiantiandemo
writing pidfile to uwsgi.pid
detected binary path: /var/sw/anaconda3/envs/env_django/bin/uwsgi
chdir() to /home/tlxy/下载/Pycharm/PycharmDemo/天天生鲜/tiantiandemo
your processes number limit is 11767
your memory page size is 4096 bytes
detected max file descriptor number: 1024
lock engine: pthread robust mutexes
thunder lock: disabled (you can enable it with --thunder-lock)
uwsgi socket 0 bound to TCP address 127.0.0.1:8000 fd 3
Python version: 3.6.7 | packaged by conda-forge | (default, Jul  2 2019, 02:18:42)  [GCC 7.3.0]
Set PythonHome to /var/sw/anaconda3/envs/env_django
Python main interpreter initialized at 0x556f9508bb50
python threads support enabled
your server socket listen backlog is limited to 100 connections
your mercy for graceful operations on workers is 60 seconds
mapped 416880 bytes (407 KB) for 8 cores
*** Operational MODE: preforking+threaded ***
WSGI app 0 (mountpoint='') ready in 1 seconds on interpreter 0x556f9508bb50 pid: 14261 (default app)
*** uWSGI is running in multiple interpreter mode ***
spawned uWSGI master process (pid: 14261)
spawned uWSGI worker 1 (pid: 14263, cores: 2)
spawned uWSGI worker 2 (pid: 14264, cores: 2)
spawned uWSGI worker 3 (pid: 14265, cores: 2)
spawned uWSGI worker 4 (pid: 14266, cores: 2)
[pid: 14265|app: 0|req: 1/1] 127.0.0.1 () {42 vars in 795 bytes} [Sun Dec  8 05:41:10 2019] GET / => generated 77 bytes in 511 msecs (HTTP/1.1 404) 3 headers in 100 bytes (1 switches on core 0)
[pid: 14265|app: 0|req: 2/2] 127.0.0.1 () {42 vars in 769 bytes} [Sun Dec  8 05:41:11 2019] GET /favicon.ico => generated 77 bytes in 1 msecs (HTTP/1.1 404) 3 headers in 100 bytes (1 switches on core 1)
invalid request block size: 21573 (max 4096)...skip
invalid request block size: 21573 (max 4096)...skip
invalid request block size: 21573 (max 4096)...skip
invalid request block size: 21573 (max 4096)...skip
invalid request block size: 21573 (max 4096)...skip
invalid request block size: 21573 (max 4096)...skip
invalid request block size: 21573 (max 4096)...skip
invalid request block size: 21573 (max 4096)...skip
invalid request block size: 21573 (max 4096)...skip
invalid request block size: 21573 (max 4096)...skip
invalid request block size: 21573 (max 4096)...skip
invalid request block size: 21573 (max 4096)...skip
invalid request block size: 21573 (max 4096)...skip
invalid request block size: 21573 (max 4096)...skip
invalid request block size: 21573 (max 4096)...skip
invalid request block size: 21573 (max 4096)...skip
invalid request block size: 21573 (max 4096)...skip
invalid request block size: 21573 (max 4096)...skip
invalid request block size: 21573 (max 4096)...skip
invalid request block size: 21573 (max 4096)...skip
invalid request block size: 21573 (max 4096)...skip
invalid request block size: 21573 (max 4096)...skip
invalid request block size: 21573 (max 4096)...skip
invalid request block size: 21573 (max 4096)...skip
invalid request block size: 21573 (max 4096)...skip
invalid request block size: 21573 (max 4096)...skip
invalid request block size: 21573 (max 4096)...skip
invalid request block size: 21573 (max 4096)...skip
invalid request block size: 21573 (max 4096)...skip
invalid request block size: 21573 (max 4096)...skip
SIGINT/SIGQUIT received...killing workers...
worker 1 buried after 1 seconds
worker 2 buried after 1 seconds
worker 3 buried after 1 seconds
worker 4 buried after 1 seconds
goodbye to uWSGI.
*** Starting uWSGI 2.0.18 (64bit) on [Sun Dec  8 13:49:39 2019] ***
compiled with version: 7.3.0 on 22 July 2019 16:51:47
os: Linux-4.15.0-72-generic #81~16.04.1-Ubuntu SMP Tue Nov 26 16:34:21 UTC 2019
nodename: augs
machine: x86_64
clock source: unix
pcre jit disabled
detected number of CPU cores: 1
current working directory: /home/tlxy/下载/Pycharm/PycharmDemo/天天生鲜/tiantiandemo
writing pidfile to uwsgi.pid
detected binary path: /var/sw/anaconda3/envs/env_django/bin/uwsgi
chdir() to /home/tlxy/下载/Pycharm/PycharmDemo/天天生鲜/tiantiandemo
your processes number limit is 11767
your memory page size is 4096 bytes
detected max file descriptor number: 1024
lock engine: pthread robust mutexes
thunder lock: disabled (you can enable it with --thunder-lock)
uwsgi socket 0 bound to TCP address 127.0.0.1:8000 fd 3
Python version: 3.6.7 | packaged by conda-forge | (default, Jul  2 2019, 02:18:42)  [GCC 7.3.0]
Set PythonHome to /var/sw/anaconda3/envs/env_django
Python main interpreter initialized at 0x561b80556b50
python threads support enabled
your server socket listen backlog is limited to 100 connections
your mercy for graceful operations on workers is 60 seconds
mapped 416880 bytes (407 KB) for 8 cores
*** Operational MODE: preforking+threaded ***
WSGI app 0 (mountpoint='') ready in 2 seconds on interpreter 0x561b80556b50 pid: 15688 (default app)
*** uWSGI is running in multiple interpreter mode ***
spawned uWSGI master process (pid: 15688)
spawned uWSGI worker 1 (pid: 15691, cores: 2)
spawned uWSGI worker 2 (pid: 15692, cores: 2)
spawned uWSGI worker 3 (pid: 15693, cores: 2)
spawned uWSGI worker 4 (pid: 15694, cores: 2)
invalid request block size: 21573 (max 4096)...skip
invalid request block size: 21573 (max 4096)...skip
invalid request block size: 21573 (max 4096)...skip
invalid request block size: 21573 (max 4096)...skip
invalid request block size: 21573 (max 4096)...skip
invalid request block size: 21573 (max 4096)...skip
invalid request block size: 21573 (max 4096)...skip
SIGINT/SIGQUIT received...killing workers...
worker 1 buried after 1 seconds
worker 2 buried after 1 seconds
worker 3 buried after 1 seconds
worker 4 buried after 1 seconds
goodbye to uWSGI.
*** Starting uWSGI 2.0.18 (64bit) on [Sun Dec  8 13:54:13 2019] ***
compiled with version: 7.3.0 on 22 July 2019 16:51:47
os: Linux-4.15.0-72-generic #81~16.04.1-Ubuntu SMP Tue Nov 26 16:34:21 UTC 2019
nodename: augs
machine: x86_64
clock source: unix
pcre jit disabled
detected number of CPU cores: 1
current working directory: /home/tlxy/下载/Pycharm/PycharmDemo/天天生鲜/tiantiandemo
writing pidfile to uwsgi.pid
detected binary path: /var/sw/anaconda3/envs/env_django/bin/uwsgi
chdir() to /home/tlxy/下载/Pycharm/PycharmDemo/天天生鲜/tiantiandemo
your processes number limit is 11767
your memory page size is 4096 bytes
detected max file descriptor number: 1024
lock engine: pthread robust mutexes
thunder lock: disabled (you can enable it with --thunder-lock)
uwsgi socket 0 bound to TCP address 127.0.0.1:8000 fd 3
Python version: 3.6.7 | packaged by conda-forge | (default, Jul  2 2019, 02:18:42)  [GCC 7.3.0]
Set PythonHome to /var/sw/anaconda3/envs/env_django
Python main interpreter initialized at 0x55579200fb50
python threads support enabled
your server socket listen backlog is limited to 100 connections
your mercy for graceful operations on workers is 60 seconds
mapped 416880 bytes (407 KB) for 8 cores
*** Operational MODE: preforking+threaded ***
WSGI app 0 (mountpoint='') ready in 1 seconds on interpreter 0x55579200fb50 pid: 16342 (default app)
*** uWSGI is running in multiple interpreter mode ***
spawned uWSGI master process (pid: 16342)
spawned uWSGI worker 1 (pid: 16344, cores: 2)
spawned uWSGI worker 2 (pid: 16345, cores: 2)
spawned uWSGI worker 3 (pid: 16346, cores: 2)
spawned uWSGI worker 4 (pid: 16347, cores: 2)
invalid request block size: 21573 (max 4096)...skip
invalid request block size: 21573 (max 4096)...skip
invalid request block size: 21573 (max 4096)...skip
invalid request block size: 21573 (max 4096)...skip
invalid request block size: 21573 (max 4096)...skip
invalid request block size: 21573 (max 4096)...skip
invalid request block size: 21573 (max 4096)...skip
invalid request block size: 21573 (max 4096)...skip
invalid request block size: 21573 (max 4096)...skip
invalid request block size: 21573 (max 4096)...skip
invalid request block size: 21573 (max 4096)...skip
invalid request block size: 21573 (max 4096)...skip
invalid request block size: 21573 (max 4096)...skip
invalid request block size: 21573 (max 4096)...skip
invalid request block size: 21573 (max 4096)...skip
invalid request block size: 21573 (max 4096)...skip
invalid request block size: 21573 (max 4096)...skip
invalid request block size: 21573 (max 4096)...skip
invalid request block size: 21573 (max 4096)...skip
invalid request block size: 21573 (max 4096)...skip
invalid request block size: 21573 (max 4096)...skip
invalid request block size: 21573 (max 4096)...skip
invalid request block size: 21573 (max 4096)...skip
invalid request block size: 21573 (max 4096)...skip
invalid request block size: 21573 (max 4096)...skip
invalid request block size: 21573 (max 4096)...skip
invalid request block size: 21573 (max 4096)...skip
invalid request block size: 21573 (max 4096)...skip
SIGINT/SIGQUIT received...killing workers...
worker 1 buried after 1 seconds
worker 2 buried after 1 seconds
worker 3 buried after 1 seconds
worker 4 buried after 1 seconds
goodbye to uWSGI.
*** Starting uWSGI 2.0.18 (64bit) on [Sun Dec  8 14:03:18 2019] ***
compiled with version: 7.3.0 on 22 July 2019 16:51:47
os: Linux-4.15.0-72-generic #81~16.04.1-Ubuntu SMP Tue Nov 26 16:34:21 UTC 2019
nodename: augs
machine: x86_64
clock source: unix
pcre jit disabled
detected number of CPU cores: 1
current working directory: /home/tlxy/下载/Pycharm/PycharmDemo/天天生鲜/tiantiandemo
writing pidfile to uwsgi.pid
detected binary path: /var/sw/anaconda3/envs/env_django/bin/uwsgi
chdir() to /home/tlxy/下载/Pycharm/PycharmDemo/天天生鲜/tiantiandemo
your processes number limit is 11767
your memory page size is 4096 bytes
detected max file descriptor number: 1024
lock engine: pthread robust mutexes
thunder lock: disabled (you can enable it with --thunder-lock)
uwsgi socket 0 bound to TCP address 127.0.0.1:8000 fd 3
Python version: 3.6.7 | packaged by conda-forge | (default, Jul  2 2019, 02:18:42)  [GCC 7.3.0]
Set PythonHome to /var/sw/anaconda3/envs/env_django
Python main interpreter initialized at 0x557d54b99b50
python threads support enabled
your server socket listen backlog is limited to 100 connections
your mercy for graceful operations on workers is 60 seconds
mapped 416880 bytes (407 KB) for 8 cores
*** Operational MODE: preforking+threaded ***
WSGI app 0 (mountpoint='') ready in 0 seconds on interpreter 0x557d54b99b50 pid: 17679 (default app)
*** uWSGI is running in multiple interpreter mode ***
spawned uWSGI master process (pid: 17679)
spawned uWSGI worker 1 (pid: 17681, cores: 2)
spawned uWSGI worker 2 (pid: 17682, cores: 2)
spawned uWSGI worker 3 (pid: 17683, cores: 2)
spawned uWSGI worker 4 (pid: 17684, cores: 2)
invalid request block size: 21573 (max 4096)...skip
invalid request block size: 21573 (max 4096)...skip
SIGINT/SIGQUIT received...killing workers...
worker 1 buried after 1 seconds
worker 2 buried after 1 seconds
worker 3 buried after 1 seconds
worker 4 buried after 1 seconds
goodbye to uWSGI.
*** Starting uWSGI 2.0.18 (64bit) on [Sun Dec  8 14:03:45 2019] ***
compiled with version: 7.3.0 on 22 July 2019 16:51:47
os: Linux-4.15.0-72-generic #81~16.04.1-Ubuntu SMP Tue Nov 26 16:34:21 UTC 2019
nodename: augs
machine: x86_64
clock source: unix
pcre jit disabled
detected number of CPU cores: 1
current working directory: /home/tlxy/下载/Pycharm/PycharmDemo/天天生鲜/tiantiandemo
writing pidfile to uwsgi.pid
detected binary path: /var/sw/anaconda3/envs/env_django/bin/uwsgi
chdir() to /home/tlxy/下载/Pycharm/PycharmDemo/天天生鲜/tiantiandemo
your processes number limit is 11767
your memory page size is 4096 bytes
detected max file descriptor number: 1024
lock engine: pthread robust mutexes
thunder lock: disabled (you can enable it with --thunder-lock)
uWSGI http bound on 127.0.0.1:8000 fd 4
uwsgi socket 0 bound to TCP address 127.0.0.1:37325 (port auto-assigned) fd 3
Python version: 3.6.7 | packaged by conda-forge | (default, Jul  2 2019, 02:18:42)  [GCC 7.3.0]
Set PythonHome to /var/sw/anaconda3/envs/env_django
Python main interpreter initialized at 0x564db05adc50
python threads support enabled
your server socket listen backlog is limited to 100 connections
your mercy for graceful operations on workers is 60 seconds
mapped 416880 bytes (407 KB) for 8 cores
*** Operational MODE: preforking+threaded ***
WSGI app 0 (mountpoint='') ready in 0 seconds on interpreter 0x564db05adc50 pid: 17743 (default app)
*** uWSGI is running in multiple interpreter mode ***
spawned uWSGI master process (pid: 17743)
spawned uWSGI worker 1 (pid: 17745, cores: 2)
spawned uWSGI worker 2 (pid: 17746, cores: 2)
spawned uWSGI worker 3 (pid: 17747, cores: 2)
spawned uWSGI worker 4 (pid: 17748, cores: 2)
spawned uWSGI http 1 (pid: 17749)
[pid: 17747|app: 0|req: 1/1] 127.0.0.1 () {40 vars in 797 bytes} [Sun Dec  8 06:03:48 2019] GET /user/register/ => generated 2600 bytes in 66 msecs (HTTP/1.1 200) 5 headers in 292 bytes (1 switches on core 0)
[pid: 17747|app: 0|req: 2/2] 127.0.0.1 () {38 vars in 728 bytes} [Sun Dec  8 06:03:48 2019] GET /static/css/reset.css => generated 77 bytes in 35 msecs (HTTP/1.1 404) 3 headers in 100 bytes (1 switches on core 1)
[pid: 17748|app: 0|req: 2/3] 127.0.0.1 () {38 vars in 715 bytes} [Sun Dec  8 06:03:48 2019] GET /static/js/register.js => generated 77 bytes in 154 msecs (HTTP/1.1 404) 3 headers in 100 bytes (1 switches on core 1)
[pid: 17748|app: 0|req: 2/4] 127.0.0.1 () {38 vars in 733 bytes} [Sun Dec  8 06:03:48 2019] GET /static/js/jquery-1.12.4.min.js => generated 77 bytes in 158 msecs (HTTP/1.1 404) 3 headers in 100 bytes (1 switches on core 0)
[pid: 17746|app: 0|req: 1/5] 127.0.0.1 () {38 vars in 726 bytes} [Sun Dec  8 06:03:48 2019] GET /static/css/main.css => generated 77 bytes in 171 msecs (HTTP/1.1 404) 3 headers in 100 bytes (1 switches on core 0)
[pid: 17748|app: 0|req: 3/6] 127.0.0.1 () {38 vars in 756 bytes} [Sun Dec  8 06:03:48 2019] GET /static/images/logo02.png => generated 77 bytes in 1 msecs (HTTP/1.1 404) 3 headers in 100 bytes (1 switches on core 1)
[pid: 17745|app: 0|req: 1/7] 127.0.0.1 () {38 vars in 714 bytes} [Sun Dec  8 06:03:48 2019] GET /static/js/register.js => generated 77 bytes in 56 msecs (HTTP/1.1 404) 3 headers in 100 bytes (1 switches on core 0)
SIGINT/SIGQUIT received...killing workers...
gateway "uWSGI http 1" has been buried (pid: 17749)
worker 1 buried after 1 seconds
worker 2 buried after 1 seconds
worker 3 buried after 1 seconds
worker 4 buried after 1 seconds
goodbye to uWSGI.
*** Starting uWSGI 2.0.18 (64bit) on [Sun Dec  8 14:05:39 2019] ***
compiled with version: 7.3.0 on 22 July 2019 16:51:47
os: Linux-4.15.0-72-generic #81~16.04.1-Ubuntu SMP Tue Nov 26 16:34:21 UTC 2019
nodename: augs
machine: x86_64
clock source: unix
pcre jit disabled
detected number of CPU cores: 1
current working directory: /home/tlxy/下载/Pycharm/PycharmDemo/天天生鲜/tiantiandemo
writing pidfile to uwsgi.pid
detected binary path: /var/sw/anaconda3/envs/env_django/bin/uwsgi
chdir() to /home/tlxy/下载/Pycharm/PycharmDemo/天天生鲜/tiantiandemo
your processes number limit is 11767
your memory page size is 4096 bytes
detected max file descriptor number: 1024
lock engine: pthread robust mutexes
thunder lock: disabled (you can enable it with --thunder-lock)
uwsgi socket 0 bound to TCP address 127.0.0.1:8000 fd 3
Python version: 3.6.7 | packaged by conda-forge | (default, Jul  2 2019, 02:18:42)  [GCC 7.3.0]
Set PythonHome to /var/sw/anaconda3/envs/env_django
Python main interpreter initialized at 0x55c10d7dab50
python threads support enabled
your server socket listen backlog is limited to 100 connections
your mercy for graceful operations on workers is 60 seconds
mapped 416880 bytes (407 KB) for 8 cores
*** Operational MODE: preforking+threaded ***
WSGI app 0 (mountpoint='') ready in 0 seconds on interpreter 0x55c10d7dab50 pid: 17875 (default app)
*** uWSGI is running in multiple interpreter mode ***
spawned uWSGI master process (pid: 17875)
spawned uWSGI worker 1 (pid: 17877, cores: 2)
spawned uWSGI worker 2 (pid: 17878, cores: 2)
spawned uWSGI worker 3 (pid: 17879, cores: 2)
spawned uWSGI worker 4 (pid: 17880, cores: 2)
invalid request block size: 21573 (max 4096)...skip
invalid request block size: 21573 (max 4096)...skip
invalid request block size: 21573 (max 4096)...skip
invalid request block size: 21573 (max 4096)...skip
invalid request block size: 21573 (max 4096)...skip
invalid request block size: 21573 (max 4096)...skip
invalid request block size: 21573 (max 4096)...skip
invalid request block size: 21573 (max 4096)...skip
invalid request block size: 21573 (max 4096)...skip
invalid request block size: 21573 (max 4096)...skip
invalid request block size: 21573 (max 4096)...skip
invalid request block size: 21573 (max 4096)...skip
invalid request block size: 21573 (max 4096)...skip
invalid request block size: 21573 (max 4096)...skip
invalid request block size: 21573 (max 4096)...skip
invalid request block size: 21573 (max 4096)...skip
invalid request block size: 21573 (max 4096)...skip
invalid request block size: 21573 (max 4096)...skip
invalid request block size: 21573 (max 4096)...skip
invalid request block size: 21573 (max 4096)...skip
invalid request block size: 21573 (max 4096)...skip
invalid request block size: 21573 (max 4096)...skip
invalid request block size: 21573 (max 4096)...skip
invalid request block size: 21573 (max 4096)...skip
invalid request block size: 21573 (max 4096)...skip
invalid request block size: 21573 (max 4096)...skip
invalid request block size: 21573 (max 4096)...skip
invalid request block size: 21573 (max 4096)...skip
invalid request block size: 21573 (max 4096)...skip
invalid request block size: 21573 (max 4096)...skip
invalid request block size: 21573 (max 4096)...skip
invalid request block size: 21573 (max 4096)...skip
invalid request block size: 21573 (max 4096)...skip
invalid request block size: 21573 (max 4096)...skip
invalid request block size: 21573 (max 4096)...skip
invalid request block size: 21573 (max 4096)...skip
invalid request block size: 21573 (max 4096)...skip
invalid request block size: 21573 (max 4096)...skip
invalid request block size: 21573 (max 4096)...skip
invalid request block size: 21573 (max 4096)...skip
invalid request block size: 21573 (max 4096)...skip
invalid request block size: 21573 (max 4096)...skip
invalid request block size: 21573 (max 4096)...skip
invalid request block size: 21573 (max 4096)...skip
invalid request block size: 21573 (max 4096)...skip
invalid request block size: 21573 (max 4096)...skip
invalid request block size: 21573 (max 4096)...skip
invalid request block size: 21573 (max 4096)...skip
invalid request block size: 21573 (max 4096)...skip
invalid request block size: 21573 (max 4096)...skip
invalid request block size: 21573 (max 4096)...skip
invalid request block size: 21573 (max 4096)...skip
invalid request block size: 21573 (max 4096)...skip
invalid request block size: 21573 (max 4096)...skip
invalid request block size: 21573 (max 4096)...skip
invalid request block size: 21573 (max 4096)...skip
invalid request block size: 21573 (max 4096)...skip
invalid request block size: 21573 (max 4096)...skip
invalid request block size: 21573 (max 4096)...skip
invalid request block size: 21573 (max 4096)...skip
invalid request block size: 21573 (max 4096)...skip
invalid request block size: 21573 (max 4096)...skip
invalid request block size: 21573 (max 4096)...skip
invalid request block size: 21573 (max 4096)...skip
invalid request block size: 21573 (max 4096)...skip
invalid request block size: 21573 (max 4096)...skip
invalid request block size: 21573 (max 4096)...skip
invalid request block size: 21573 (max 4096)...skip
invalid request block size: 21573 (max 4096)...skip
invalid request block size: 21573 (max 4096)...skip
invalid request block size: 21573 (max 4096)...skip
invalid request block size: 21573 (max 4096)...skip
invalid request block size: 21573 (max 4096)...skip
invalid request block size: 21573 (max 4096)...skip
invalid request block size: 21573 (max 4096)...skip
invalid request block size: 21573 (max 4096)...skip
invalid request block size: 21573 (max 4096)...skip
invalid request block size: 21573 (max 4096)...skip
invalid request block size: 21573 (max 4096)...skip
invalid request block size: 21573 (max 4096)...skip
invalid request block size: 21573 (max 4096)...skip
invalid request block size: 21573 (max 4096)...skip
invalid request block size: 21573 (max 4096)...skip
invalid request block size: 21573 (max 4096)...skip
invalid request block size: 21573 (max 4096)...skip
invalid request block size: 21573 (max 4096)...skip
invalid request block size: 21573 (max 4096)...skip
invalid request block size: 21573 (max 4096)...skip
invalid request block size: 21573 (max 4096)...skip
invalid request block size: 21573 (max 4096)...skip
invalid request block size: 21573 (max 4096)...skip
invalid request block size: 21573 (max 4096)...skip
invalid request block size: 21573 (max 4096)...skip
invalid request block size: 21573 (max 4096)...skip
invalid request block size: 21573 (max 4096)...skip
invalid request block size: 21573 (max 4096)...skip
invalid request block size: 21573 (max 4096)...skip
SIGINT/SIGQUIT received...killing workers...
worker 1 buried after 1 seconds
worker 2 buried after 1 seconds
worker 3 buried after 1 seconds
worker 4 buried after 1 seconds
goodbye to uWSGI.
*** Starting uWSGI 2.0.18 (64bit) on [Sun Dec  8 14:16:50 2019] ***
compiled with version: 7.3.0 on 22 July 2019 16:51:47
os: Linux-4.15.0-72-generic #81~16.04.1-Ubuntu SMP Tue Nov 26 16:34:21 UTC 2019
nodename: augs
machine: x86_64
clock source: unix
pcre jit disabled
detected number of CPU cores: 1
current working directory: /home/tlxy/下载/Pycharm/PycharmDemo/天天生鲜/tiantiandemo
writing pidfile to uwsgi.pid
detected binary path: /var/sw/anaconda3/envs/env_django/bin/uwsgi
chdir() to /home/tlxy/下载/Pycharm/PycharmDemo/天天生鲜/tiantiandemo
your processes number limit is 11767
your memory page size is 4096 bytes
detected max file descriptor number: 1024
lock engine: pthread robust mutexes
thunder lock: disabled (you can enable it with --thunder-lock)
uwsgi socket 0 bound to TCP address 127.0.0.1:8080 fd 3
Python version: 3.6.7 | packaged by conda-forge | (default, Jul  2 2019, 02:18:42)  [GCC 7.3.0]
Set PythonHome to /var/sw/anaconda3/envs/env_django
Python main interpreter initialized at 0x55b3884e2b50
python threads support enabled
your server socket listen backlog is limited to 100 connections
your mercy for graceful operations on workers is 60 seconds
mapped 416880 bytes (407 KB) for 8 cores
*** Operational MODE: preforking+threaded ***
WSGI app 0 (mountpoint='') ready in 1 seconds on interpreter 0x55b3884e2b50 pid: 19448 (default app)
*** uWSGI is running in multiple interpreter mode ***
spawned uWSGI master process (pid: 19448)
spawned uWSGI worker 1 (pid: 19450, cores: 2)
spawned uWSGI worker 2 (pid: 19451, cores: 2)
spawned uWSGI worker 3 (pid: 19452, cores: 2)
spawned uWSGI worker 4 (pid: 19453, cores: 2)
invalid request block size: 21573 (max 4096)...skip
invalid request block size: 21573 (max 4096)...skip
invalid request block size: 21573 (max 4096)...skip
invalid request block size: 21573 (max 4096)...skip
invalid request block size: 21573 (max 4096)...skip
invalid request block size: 21573 (max 4096)...skip
invalid request block size: 21573 (max 4096)...skip
invalid request block size: 21573 (max 4096)...skip
invalid request block size: 21573 (max 4096)...skip
invalid request block size: 21573 (max 4096)...skip
SIGINT/SIGQUIT received...killing workers...
worker 1 buried after 1 seconds
worker 2 buried after 1 seconds
worker 3 buried after 1 seconds
worker 4 buried after 1 seconds
goodbye to uWSGI.
*** Starting uWSGI 2.0.18 (64bit) on [Sun Dec  8 14:38:34 2019] ***
compiled with version: 7.3.0 on 22 July 2019 16:51:47
os: Linux-4.15.0-72-generic #81~16.04.1-Ubuntu SMP Tue Nov 26 16:34:21 UTC 2019
nodename: augs
machine: x86_64
clock source: unix
pcre jit disabled
detected number of CPU cores: 1
current working directory: /home/tlxy/下载/Pycharm/PycharmDemo/天天生鲜/tiantiandemo
writing pidfile to uwsgi.pid
detected binary path: /var/sw/anaconda3/envs/env_django/bin/uwsgi
chdir() to /home/tlxy/下载/Pycharm/PycharmDemo/天天生鲜/tiantiandemo
your processes number limit is 11767
your memory page size is 4096 bytes
detected max file descriptor number: 1024
lock engine: pthread robust mutexes
thunder lock: disabled (you can enable it with --thunder-lock)
uwsgi socket 0 bound to TCP address 127.0.0.1:8888 fd 3
Python version: 3.6.7 | packaged by conda-forge | (default, Jul  2 2019, 02:18:42)  [GCC 7.3.0]
Set PythonHome to /var/sw/anaconda3/envs/env_django
Python main interpreter initialized at 0x55ce0a086b50
python threads support enabled
your server socket listen backlog is limited to 100 connections
your mercy for graceful operations on workers is 60 seconds
mapped 416880 bytes (407 KB) for 8 cores
*** Operational MODE: preforking+threaded ***
WSGI app 0 (mountpoint='') ready in 0 seconds on interpreter 0x55ce0a086b50 pid: 20636 (default app)
*** uWSGI is running in multiple interpreter mode ***
spawned uWSGI master process (pid: 20636)
spawned uWSGI worker 1 (pid: 20638, cores: 2)
spawned uWSGI worker 2 (pid: 20639, cores: 2)
spawned uWSGI worker 3 (pid: 20640, cores: 2)
spawned uWSGI worker 4 (pid: 20641, cores: 2)
invalid request block size: 21573 (max 4096)...skip
invalid request block size: 21573 (max 4096)...skip
invalid request block size: 21573 (max 4096)...skip
invalid request block size: 21573 (max 4096)...skip
invalid request block size: 21573 (max 4096)...skip
invalid request block size: 21573 (max 4096)...skip
invalid request block size: 21573 (max 4096)...skip
invalid request block size: 21573 (max 4096)...skip
invalid request block size: 21573 (max 4096)...skip
invalid request block size: 21573 (max 4096)...skip
invalid request block size: 21573 (max 4096)...skip
invalid request block size: 21573 (max 4096)...skip
SIGINT/SIGQUIT received...killing workers...
worker 1 buried after 1 seconds
worker 2 buried after 1 seconds
worker 3 buried after 1 seconds
worker 4 buried after 1 seconds
goodbye to uWSGI.
*** Starting uWSGI 2.0.18 (64bit) on [Sun Dec  8 15:00:03 2019] ***
compiled with version: 7.3.0 on 22 July 2019 16:51:47
os: Linux-4.15.0-72-generic #81~16.04.1-Ubuntu SMP Tue Nov 26 16:34:21 UTC 2019
nodename: augs
machine: x86_64
clock source: unix
pcre jit disabled
detected number of CPU cores: 1
current working directory: /home/tlxy/下载/Pycharm/PycharmDemo/天天生鲜/tiantiandemo
writing pidfile to uwsgi.pid
detected binary path: /var/sw/anaconda3/envs/env_django/bin/uwsgi
chdir() to /home/tlxy/下载/Pycharm/PycharmDemo/天天生鲜/tiantiandemo
your processes number limit is 11767
your memory page size is 4096 bytes
detected max file descriptor number: 1024
lock engine: pthread robust mutexes
thunder lock: disabled (you can enable it with --thunder-lock)
uwsgi socket 0 bound to TCP address 127.0.0.1:8000 fd 3
Python version: 3.6.7 | packaged by conda-forge | (default, Jul  2 2019, 02:18:42)  [GCC 7.3.0]
Set PythonHome to /var/sw/anaconda3/envs/env_django
Python main interpreter initialized at 0x5597bef45b50
python threads support enabled
your server socket listen backlog is limited to 100 connections
your mercy for graceful operations on workers is 60 seconds
mapped 416880 bytes (407 KB) for 8 cores
*** Operational MODE: preforking+threaded ***
WSGI app 0 (mountpoint='') ready in 0 seconds on interpreter 0x5597bef45b50 pid: 25720 (default app)
*** uWSGI is running in multiple interpreter mode ***
spawned uWSGI master process (pid: 25720)
spawned uWSGI worker 1 (pid: 25722, cores: 2)
spawned uWSGI worker 2 (pid: 25723, cores: 2)
spawned uWSGI worker 3 (pid: 25724, cores: 2)
spawned uWSGI worker 4 (pid: 25725, cores: 2)
invalid request block size: 21573 (max 4096)...skip
invalid request block size: 21573 (max 4096)...skip
invalid request block size: 21573 (max 4096)...skip
invalid request block size: 21573 (max 4096)...skip
invalid request block size: 21573 (max 4096)...skip
invalid request block size: 21573 (max 4096)...skip
invalid request block size: 21573 (max 4096)...skip
invalid request block size: 21573 (max 4096)...skip
invalid request block size: 21573 (max 4096)...skip
invalid request block size: 21573 (max 4096)...skip
invalid request block size: 21573 (max 4096)...skip
invalid request block size: 21573 (max 4096)...skip
invalid request block size: 21573 (max 4096)...skip
invalid request block size: 21573 (max 4096)...skip
invalid request block size: 21573 (max 4096)...skip
invalid request block size: 21573 (max 4096)...skip
invalid request block size: 21573 (max 4096)...skip
invalid request block size: 21573 (max 4096)...skip
invalid request block size: 21573 (max 4096)...skip
invalid request block size: 21573 (max 4096)...skip
invalid request block size: 21573 (max 4096)...skip
invalid request block size: 21573 (max 4096)...skip
invalid request block size: 21573 (max 4096)...skip
invalid request block size: 21573 (max 4096)...skip
invalid request block size: 21573 (max 4096)...skip
invalid request block size: 21573 (max 4096)...skip
invalid request block size: 21573 (max 4096)...skip
invalid request block size: 21573 (max 4096)...skip
invalid request block size: 21573 (max 4096)...skip
invalid request block size: 21573 (max 4096)...skip
invalid request block size: 21573 (max 4096)...skip
SIGINT/SIGQUIT received...killing workers...
worker 1 buried after 1 seconds
worker 2 buried after 1 seconds
worker 3 buried after 1 seconds
worker 4 buried after 1 seconds
goodbye to uWSGI.
*** Starting uWSGI 2.0.18 (64bit) on [Sun Dec  8 20:03:20 2019] ***
compiled with version: 7.3.0 on 22 July 2019 16:51:47
os: Linux-4.15.0-72-generic #81~16.04.1-Ubuntu SMP Tue Nov 26 16:34:21 UTC 2019
nodename: augs
machine: x86_64
clock source: unix
pcre jit disabled
detected number of CPU cores: 1
current working directory: /home/tlxy/下载/Pycharm/PycharmDemo/天天生鲜/tiantiandemo
writing pidfile to uwsgi.pid
detected binary path: /var/sw/anaconda3/envs/env_django/bin/uwsgi
chdir() to /home/tlxy/下载/Pycharm/PycharmDemo/天天生鲜/tiantiandemo
your processes number limit is 11767
your memory page size is 4096 bytes
detected max file descriptor number: 1024
lock engine: pthread robust mutexes
thunder lock: disabled (you can enable it with --thunder-lock)
uwsgi socket 0 bound to TCP address 127.0.0.1:8000 fd 3
Python version: 3.6.7 | packaged by conda-forge | (default, Jul  2 2019, 02:18:42)  [GCC 7.3.0]
Set PythonHome to /var/sw/anaconda3/envs/env_django
Python main interpreter initialized at 0x5572d0510b20
python threads support enabled
your server socket listen backlog is limited to 100 connections
your mercy for graceful operations on workers is 60 seconds
mapped 416880 bytes (407 KB) for 8 cores
*** Operational MODE: preforking+threaded ***
WSGI app 0 (mountpoint='') ready in 1 seconds on interpreter 0x5572d0510b20 pid: 3378 (default app)
*** uWSGI is running in multiple interpreter mode ***
spawned uWSGI master process (pid: 3378)
spawned uWSGI worker 1 (pid: 3380, cores: 2)
spawned uWSGI worker 2 (pid: 3381, cores: 2)
spawned uWSGI worker 3 (pid: 3382, cores: 2)
spawned uWSGI worker 4 (pid: 3383, cores: 2)
[pid: 3383|app: 0|req: 1/1] 127.0.0.1 () {44 vars in 854 bytes} [Sun Dec  8 12:03:36 2019] GET /user/register/ => generated 2600 bytes in 801 msecs (HTTP/1.1 200) 5 headers in 292 bytes (1 switches on core 0)
[pid: 3383|app: 0|req: 2/2] 127.0.0.1 () {42 vars in 780 bytes} [Sun Dec  8 12:03:36 2019] GET /static/css/reset.css => generated 77 bytes in 66 msecs (HTTP/1.1 404) 3 headers in 100 bytes (1 switches on core 1)
[pid: 3381|app: 0|req: 2/3] 127.0.0.1 () {42 vars in 767 bytes} [Sun Dec  8 12:03:37 2019] GET /static/js/register.js => generated 77 bytes in 141 msecs (HTTP/1.1 404) 3 headers in 100 bytes (1 switches on core 1)
[pid: 3381|app: 0|req: 2/4] 127.0.0.1 () {42 vars in 785 bytes} [Sun Dec  8 12:03:36 2019] GET /static/js/jquery-1.12.4.min.js => generated 77 bytes in 159 msecs (HTTP/1.1 404) 3 headers in 100 bytes (1 switches on core 0)
[pid: 3380|app: 0|req: 1/5] 127.0.0.1 () {42 vars in 809 bytes} [Sun Dec  8 12:03:37 2019] GET /static/images/logo02.png => generated 77 bytes in 166 msecs (HTTP/1.1 404) 3 headers in 100 bytes (1 switches on core 0)
[pid: 3382|app: 0|req: 2/7] 127.0.0.1 () {42 vars in 767 bytes} [Sun Dec  8 12:03:37 2019] GET /static/js/register.js => generated 77 bytes in 1 msecs (HTTP/1.1 404) 3 headers in 100 bytes (1 switches on core 1)
[pid: 3382|app: 0|req: 2/7] 127.0.0.1 () {42 vars in 778 bytes} [Sun Dec  8 12:03:36 2019] GET /static/css/main.css => generated 77 bytes in 182 msecs (HTTP/1.1 404) 3 headers in 100 bytes (1 switches on core 0)
SIGINT/SIGQUIT received...killing workers...
worker 1 buried after 1 seconds
worker 2 buried after 1 seconds
worker 3 buried after 1 seconds
worker 4 buried after 1 seconds
goodbye to uWSGI.
*** Starting uWSGI 2.0.18 (64bit) on [Sun Dec  8 20:19:40 2019] ***
compiled with version: 7.3.0 on 22 July 2019 16:51:47
os: Linux-4.15.0-72-generic #81~16.04.1-Ubuntu SMP Tue Nov 26 16:34:21 UTC 2019
nodename: augs
machine: x86_64
clock source: unix
pcre jit disabled
detected number of CPU cores: 1
current working directory: /home/tlxy/下载/Pycharm/PycharmDemo/天天生鲜/tiantiandemo
writing pidfile to uwsgi.pid
detected binary path: /var/sw/anaconda3/envs/env_django/bin/uwsgi
chdir() to /home/tlxy/下载/Pycharm/PycharmDemo/天天生鲜/tiantiandemo
your processes number limit is 11767
your memory page size is 4096 bytes
detected max file descriptor number: 1024
lock engine: pthread robust mutexes
thunder lock: disabled (you can enable it with --thunder-lock)
uwsgi socket 0 bound to TCP address 127.0.0.1:8000 fd 3
Python version: 3.6.7 | packaged by conda-forge | (default, Jul  2 2019, 02:18:42)  [GCC 7.3.0]
Set PythonHome to /var/sw/anaconda3/envs/env_django
Python main interpreter initialized at 0x555a0aff6b20
python threads support enabled
your server socket listen backlog is limited to 100 connections
your mercy for graceful operations on workers is 60 seconds
mapped 416880 bytes (407 KB) for 8 cores
*** Operational MODE: preforking+threaded ***
WSGI app 0 (mountpoint='') ready in 0 seconds on interpreter 0x555a0aff6b20 pid: 4812 (default app)
*** uWSGI is running in multiple interpreter mode ***
spawned uWSGI master process (pid: 4812)
spawned uWSGI worker 1 (pid: 4814, cores: 2)
spawned uWSGI worker 2 (pid: 4815, cores: 2)
spawned uWSGI worker 3 (pid: 4816, cores: 2)
spawned uWSGI worker 4 (pid: 4817, cores: 2)
[pid: 4816|app: 0|req: 1/1] 127.0.0.1 () {44 vars in 854 bytes} [Sun Dec  8 12:20:29 2019] GET /user/register/ => generated 2600 bytes in 42 msecs (HTTP/1.1 200) 5 headers in 292 bytes (1 switches on core 0)
[pid: 4816|app: 0|req: 2/2] 127.0.0.1 () {44 vars in 864 bytes} [Sun Dec  8 12:20:32 2019] GET /user/login/ => generated 3085 bytes in 98 msecs (HTTP/1.1 200) 5 headers in 292 bytes (1 switches on core 1)
[pid: 4814|app: 0|req: 1/3] 127.0.0.1 () {52 vars in 1054 bytes} [Sun Dec  8 12:20:38 2019] POST /user/login_handle/ => generated 0 bytes in 591 msecs (HTTP/1.1 302) 7 headers in 334 bytes (1 switches on core 0)
[pid: 4814|app: 0|req: 3/4] 127.0.0.1 () {52 vars in 1073 bytes} [Sun Dec  8 12:20:39 2019] POST /user/login_handle/ => generated 0 bytes in 108 msecs (HTTP/1.1 302) 7 headers in 334 bytes (1 switches on core 0)
[pid: 4814|app: 0|req: 3/5] 127.0.0.1 () {46 vars in 913 bytes} [Sun Dec  8 12:20:39 2019] GET /goods/index/ => generated 12093 bytes in 420 msecs (HTTP/1.1 200) 4 headers in 125 bytes (1 switches on core 1)
[pid: 4815|app: 0|req: 1/6] 127.0.0.1 () {46 vars in 913 bytes} [Sun Dec  8 12:20:39 2019] GET /goods/index/ => generated 12093 bytes in 219 msecs (HTTP/1.1 200) 4 headers in 125 bytes (1 switches on core 0)
[pid: 4815|app: 0|req: 2/7] 127.0.0.1 () {44 vars in 877 bytes} [Sun Dec  8 12:20:44 2019] GET /cart/cart => generated 0 bytes in 25 msecs (HTTP/1.1 301) 3 headers in 116 bytes (1 switches on core 1)
[pid: 4814|app: 0|req: 4/8] 127.0.0.1 () {44 vars in 879 bytes} [Sun Dec  8 12:20:44 2019] GET /cart/cart/ => generated 7160 bytes in 70 msecs (HTTP/1.1 200) 4 headers in 124 bytes (1 switches on core 0)
[pid: 4814|app: 0|req: 5/9] 127.0.0.1 () {44 vars in 882 bytes} [Sun Dec  8 12:20:47 2019] GET /order/order/? => generated 5415 bytes in 88 msecs (HTTP/1.1 200) 4 headers in 124 bytes (1 switches on core 1)
[pid: 4814|app: 0|req: 6/10] 127.0.0.1 () {44 vars in 882 bytes} [Sun Dec  8 12:20:49 2019] GET /user/order/ => generated 4856 bytes in 12 msecs (HTTP/1.1 200) 4 headers in 124 bytes (1 switches on core 0)
[pid: 4814|app: 0|req: 7/11] 127.0.0.1 () {44 vars in 878 bytes} [Sun Dec  8 12:23:41 2019] GET /user/info/ => generated 27 bytes in 163 msecs (HTTP/1.1 500) 4 headers in 126 bytes (1 switches on core 1)
[pid: 4814|app: 0|req: 8/12] 127.0.0.1 () {44 vars in 878 bytes} [Sun Dec  8 12:23:47 2019] GET /cart/cart/ => generated 7160 bytes in 31 msecs (HTTP/1.1 200) 4 headers in 124 bytes (1 switches on core 0)
[pid: 4814|app: 0|req: 9/13] 127.0.0.1 () {44 vars in 875 bytes} [Sun Dec  8 12:23:50 2019] GET /user/info => generated 0 bytes in 1 msecs (HTTP/1.1 301) 3 headers in 116 bytes (1 switches on core 1)
[pid: 4816|app: 0|req: 3/14] 127.0.0.1 () {44 vars in 877 bytes} [Sun Dec  8 12:23:50 2019] GET /user/info/ => generated 27 bytes in 72 msecs (HTTP/1.1 500) 4 headers in 126 bytes (1 switches on core 0)
[pid: 4814|app: 0|req: 10/15] 127.0.0.1 () {44 vars in 881 bytes} [Sun Dec  8 12:24:01 2019] GET /goods/index/ => generated 12093 bytes in 72 msecs (HTTP/1.1 200) 4 headers in 125 bytes (1 switches on core 1)
[pid: 4816|app: 0|req: 4/16] 127.0.0.1 () {44 vars in 879 bytes} [Sun Dec  8 12:24:03 2019] GET /user/info/ => generated 27 bytes in 41 msecs (HTTP/1.1 500) 4 headers in 126 bytes (1 switches on core 1)
[pid: 4814|app: 0|req: 11/17] 127.0.0.1 () {44 vars in 879 bytes} [Sun Dec  8 12:24:58 2019] GET /user/info/ => generated 27 bytes in 44 msecs (HTTP/1.1 500) 4 headers in 126 bytes (1 switches on core 0)
[pid: 4814|app: 0|req: 12/18] 127.0.0.1 () {44 vars in 865 bytes} [Sun Dec  8 12:25:49 2019] GET /user/info/ => generated 27 bytes in 39 msecs (HTTP/1.1 500) 4 headers in 126 bytes (1 switches on core 1)
[pid: 4814|app: 0|req: 13/19] 127.0.0.1 () {44 vars in 873 bytes} [Sun Dec  8 12:25:54 2019] GET /goods/4 => generated 0 bytes in 1 msecs (HTTP/1.1 301) 3 headers in 114 bytes (1 switches on core 0)
[pid: 4815|app: 0|req: 3/20] 127.0.0.1 () {44 vars in 875 bytes} [Sun Dec  8 12:25:54 2019] GET /goods/4/ => generated 6619 bytes in 68 msecs (HTTP/1.1 200) 5 headers in 158 bytes (1 switches on core 0)
[pid: 4815|app: 0|req: 4/21] 127.0.0.1 () {44 vars in 888 bytes} [Sun Dec  8 12:25:56 2019] GET /user/info/ => generated 3120 bytes in 47 msecs (HTTP/1.1 200) 4 headers in 124 bytes (1 switches on core 1)
[pid: 4814|app: 0|req: 14/22] 127.0.0.1 () {44 vars in 894 bytes} [Sun Dec  8 12:25:59 2019] GET /goods/index/ => generated 12093 bytes in 75 msecs (HTTP/1.1 200) 4 headers in 125 bytes (1 switches on core 0)
[pid: 4814|app: 0|req: 15/23] 127.0.0.1 () {44 vars in 892 bytes} [Sun Dec  8 12:26:01 2019] GET /user/info/ => generated 3120 bytes in 16 msecs (HTTP/1.1 200) 4 headers in 124 bytes (1 switches on core 1)
[pid: 4814|app: 0|req: 16/24] 127.0.0.1 () {44 vars in 892 bytes} [Sun Dec  8 12:26:05 2019] GET /user/order/ => generated 4856 bytes in 6 msecs (HTTP/1.1 200) 4 headers in 124 bytes (1 switches on core 0)
[pid: 4815|app: 0|req: 5/25] 127.0.0.1 () {44 vars in 891 bytes} [Sun Dec  8 12:26:06 2019] GET /user/site/ => generated 3602 bytes in 56 msecs (HTTP/1.1 200) 5 headers in 292 bytes (1 switches on core 0)
[pid: 4814|app: 0|req: 17/26] 127.0.0.1 () {44 vars in 890 bytes} [Sun Dec  8 12:26:08 2019] GET /user/info/ => generated 3120 bytes in 46 msecs (HTTP/1.1 200) 4 headers in 124 bytes (1 switches on core 1)
[pid: 4815|app: 0|req: 6/27] 127.0.0.1 () {44 vars in 1059 bytes} [Sun Dec  8 12:29:44 2019] GET /q/1010000007956173/ => generated 77 bytes in 2 msecs (HTTP/1.1 404) 3 headers in 100 bytes (1 switches on core 1)
[pid: 4817|app: 0|req: 1/28] 127.0.0.1 () {42 vars in 841 bytes} [Sun Dec  8 12:29:44 2019] GET /favicon.ico => generated 77 bytes in 40 msecs (HTTP/1.1 404) 3 headers in 100 bytes (1 switches on core 0)
SIGINT/SIGQUIT received...killing workers...
worker 1 buried after 1 seconds
worker 2 buried after 1 seconds
worker 3 buried after 1 seconds
worker 4 buried after 1 seconds
goodbye to uWSGI.
*** Starting uWSGI 2.0.18 (64bit) on [Sun Dec  8 20:45:40 2019] ***
compiled with version: 7.3.0 on 22 July 2019 16:51:47
os: Linux-4.15.0-72-generic #81~16.04.1-Ubuntu SMP Tue Nov 26 16:34:21 UTC 2019
nodename: augs
machine: x86_64
clock source: unix
pcre jit disabled
detected number of CPU cores: 1
current working directory: /home/tlxy/下载/Pycharm/PycharmDemo/天天生鲜/tiantiandemo
writing pidfile to uwsgi.pid
detected binary path: /var/sw/anaconda3/envs/env_django/bin/uwsgi
chdir() to /home/tlxy/下载/Pycharm/PycharmDemo/天天生鲜/tiantiandemo
your processes number limit is 11767
your memory page size is 4096 bytes
detected max file descriptor number: 1024
lock engine: pthread robust mutexes
thunder lock: disabled (you can enable it with --thunder-lock)
uwsgi socket 0 bound to TCP address 10.0.2.15:8000 fd 3
Python version: 3.6.7 | packaged by conda-forge | (default, Jul  2 2019, 02:18:42)  [GCC 7.3.0]
Set PythonHome to /var/sw/anaconda3/envs/env_django
Python main interpreter initialized at 0x55db9c5b4b20
python threads support enabled
your server socket listen backlog is limited to 100 connections
your mercy for graceful operations on workers is 60 seconds
mapped 416880 bytes (407 KB) for 8 cores
*** Operational MODE: preforking+threaded ***
WSGI app 0 (mountpoint='') ready in 0 seconds on interpreter 0x55db9c5b4b20 pid: 8720 (default app)
*** uWSGI is running in multiple interpreter mode ***
spawned uWSGI master process (pid: 8720)
spawned uWSGI worker 1 (pid: 8722, cores: 2)
spawned uWSGI worker 2 (pid: 8723, cores: 2)
spawned uWSGI worker 3 (pid: 8724, cores: 2)
spawned uWSGI worker 4 (pid: 8725, cores: 2)
[pid: 8724|app: 0|req: 1/1] 10.0.2.15 () {40 vars in 678 bytes} [Sun Dec  8 12:45:47 2019] GET /user/site/ => generated 0 bytes in 30 msecs (HTTP/1.1 302) 6 headers in 188 bytes (1 switches on core 0)
[pid: 8724|app: 0|req: 2/2] 10.0.2.15 () {42 vars in 712 bytes} [Sun Dec  8 12:45:47 2019] GET /user/login/ => generated 3085 bytes in 47 msecs (HTTP/1.1 200) 5 headers in 292 bytes (1 switches on core 1)
[pid: 8722|app: 0|req: 1/3] 10.0.2.15 () {42 vars in 751 bytes} [Sun Dec  8 12:45:48 2019] GET /favicon.ico => generated 77 bytes in 48 msecs (HTTP/1.1 404) 3 headers in 100 bytes (1 switches on core 0)
SIGINT/SIGQUIT received...killing workers...
worker 1 buried after 2 seconds
worker 2 buried after 2 seconds
worker 3 buried after 1 seconds
worker 4 buried after 1 seconds
goodbye to uWSGI.
